{"E:\\My Projects\\Jest\\arr.js": {"path":"E:\\My Projects\\Jest\\arr.js","statementMap":{"0":{"start":{"line":1,"column":12},"end":{"line":1,"column":34}},"1":{"start":{"line":3,"column":0},"end":{"line":3,"column":21}}},"fnMap":{},"branchMap":{},"s":{"0":1,"1":1},"f":{},"b":{},"_coverageSchema":"1a1c01bbd47fc00a2c39e90264f33305004495a9","hash":"1149ba13585a8b361ee70c80a8999093d453cfc5"}
,"E:\\My Projects\\Jest\\filter.js": {"path":"E:\\My Projects\\Jest\\filter.js","statementMap":{"0":{"start":{"line":8,"column":16},"end":{"line":8,"column":40}},"1":{"start":{"line":9,"column":2},"end":{"line":9,"column":31}},"2":{"start":{"line":9,"column":14},"end":{"line":9,"column":31}},"3":{"start":{"line":10,"column":2},"end":{"line":10,"column":42}},"4":{"start":{"line":13,"column":0},"end":{"line":13,"column":24}}},"fnMap":{"0":{"name":"filter","decl":{"start":{"line":7,"column":9},"end":{"line":7,"column":15}},"loc":{"start":{"line":7,"column":34},"end":{"line":11,"column":1}},"line":7}},"branchMap":{"0":{"loc":{"start":{"line":7,"column":16},"end":{"line":7,"column":32}},"type":"default-arg","locations":[{"start":{"line":7,"column":23},"end":{"line":7,"column":32}}],"line":7},"1":{"loc":{"start":{"line":9,"column":2},"end":{"line":9,"column":31}},"type":"if","locations":[{"start":{"line":9,"column":2},"end":{"line":9,"column":31}},{"start":{},"end":{}}],"line":9}},"s":{"0":3,"1":3,"2":1,"3":2,"4":1},"f":{"0":3},"b":{"0":[0],"1":[1,2]},"_coverageSchema":"1a1c01bbd47fc00a2c39e90264f33305004495a9","hash":"8d0e95e836cfac1491ea3ec888d677dc90b53b6e"}
,"E:\\My Projects\\Jest\\say.js": {"path":"E:\\My Projects\\Jest\\say.js","statementMap":{"0":{"start":{"line":2,"column":2},"end":{"line":2,"column":23}},"1":{"start":{"line":5,"column":0},"end":{"line":5,"column":26}}},"fnMap":{"0":{"name":"sayHello","decl":{"start":{"line":1,"column":9},"end":{"line":1,"column":17}},"loc":{"start":{"line":1,"column":20},"end":{"line":3,"column":1}},"line":1}},"branchMap":{},"s":{"0":1,"1":1},"f":{"0":1},"b":{},"_coverageSchema":"1a1c01bbd47fc00a2c39e90264f33305004495a9","hash":"b8da1e3efa6b885621343ab0dc14fbfe224d4aba"}
,"E:\\My Projects\\Jest\\sum.js": {"path":"E:\\My Projects\\Jest\\sum.js","statementMap":{"0":{"start":{"line":2,"column":2},"end":{"line":2,"column":56}},"1":{"start":{"line":2,"column":40},"end":{"line":2,"column":51}},"2":{"start":{"line":5,"column":0},"end":{"line":5,"column":21}}},"fnMap":{"0":{"name":"sum","decl":{"start":{"line":1,"column":9},"end":{"line":1,"column":12}},"loc":{"start":{"line":1,"column":25},"end":{"line":3,"column":1}},"line":1},"1":{"name":"(anonymous_1)","decl":{"start":{"line":2,"column":24},"end":{"line":2,"column":25}},"loc":{"start":{"line":2,"column":40},"end":{"line":2,"column":51}},"line":2}},"branchMap":{},"s":{"0":5,"1":10,"2":1},"f":{"0":5,"1":10},"b":{},"_coverageSchema":"1a1c01bbd47fc00a2c39e90264f33305004495a9","hash":"0cbee094d695a2943601d647b9038707447f39f1"}
}
